<?xml version="1.0" encoding="UTF-8"?>
<!-- Generated by org.testng.reporters.JUnitXMLReporter -->
<testsuite ignored="0" hostname="Jaleel" failures="0" tests="5" name="Test" time="13.971" errors="0" timestamp="2025-09-27T14:20:26 IST">
  <testcase classname="testCases.TC_006_AddToCart" name="AddingToCart" time="1.87"/>
  <testcase classname="testCases.TC_006_AddToCart" name="AddingToCart" time="1.436"/>
  <testcase classname="testCases.TC_006_AddToCart" name="AddingToCart" time="1.458"/>
  <testcase classname="testCases.TC_006_AddToCart" name="AddingToCart" time="1.524"/>
  <testcase classname="testCases.TC_006_AddToCart" name="AddingToCart" time="1.452"/>
</testsuite> <!-- Test -->
