<?xml version="1.0" encoding="UTF-8"?>
<!-- Generated by org.testng.reporters.JUnitXMLReporter -->
<testsuite ignored="2" hostname="Jaleel" failures="0" tests="1" name="Test" time="14.94" errors="0" timestamp="2025-09-20T19:36:56 IST">
  <testcase classname="testCases.TC_001_RegisterUser" name="Register" time="7.29"/>
  <testcase classname="testCases.TC_002_LoginTest" name="TestLogin" time="0.0">
    <ignored/>
  </testcase> <!-- TestLogin -->
  <testcase classname="testCases.TC_003_LoginDataDrivenTest" name="LoginDDT" time="0.0">
    <ignored/>
  </testcase> <!-- LoginDDT -->
</testsuite> <!-- Test -->
